[0805/213813.978:ERROR:crash_report_database_win.cc(558)] GetFileAttributes C:\Users\Diego\AppData\Local\Google\Chrome\User Data\Crashpad\reports: Acceso denegado. (0x5)
[0805/213813.981:ERROR:registration_protocol_win.cc(131)] TransactNamedPipe: Ha terminado la canalización. (0x6D)
[0805/213813.982:ERROR:crash_report_database_win.cc(558)] GetFileAttributes C:\Users\Diego\AppData\Local\Google\Chrome\User Data\Crashpad\reports: Acceso denegado. (0x5)
[0805/213823.965:ERROR:crash_report_database_win.cc(558)] GetFileAttributes C:\Users\Diego\AppData\Local\Google\Chrome\User Data\Crashpad\reports: Acceso denegado. (0x5)
[0805/213823.970:ERROR:registration_protocol_win.cc(131)] TransactNamedPipe: Ha terminado la canalización. (0x6D)
[0805/213823.971:ERROR:crash_report_database_win.cc(558)] GetFileAttributes C:\Users\Diego\AppData\Local\Google\Chrome\User Data\Crashpad\reports: Acceso denegado. (0x5)
[0805/214407.481:ERROR:crash_report_database_win.cc(558)] GetFileAttributes C:\Users\Diego\AppData\Local\Google\Chrome\User Data\Crashpad\reports: Acceso denegado. (0x5)
[0805/214407.482:ERROR:exit_code_watcher_win.cc(87)] Failed to wait for process exit or stop event
[0805/214407.486:ERROR:registration_protocol_win.cc(131)] TransactNamedPipe: Ha terminado la canalización. (0x6D)
[0805/214407.487:ERROR:crash_report_database_win.cc(558)] GetFileAttributes C:\Users\Diego\AppData\Local\Google\Chrome\User Data\Crashpad\reports: Acceso denegado. (0x5)
[0805/214425.176:ERROR:crash_report_database_win.cc(558)] GetFileAttributes C:\Users\Diego\AppData\Local\Google\Chrome\User Data\Crashpad\reports: Acceso denegado. (0x5)
[0805/214425.184:ERROR:exit_code_watcher_win.cc(87)] Failed to wait for process exit or stop event
[0805/214425.190:ERROR:registration_protocol_win.cc(131)] TransactNamedPipe: Ha terminado la canalización. (0x6D)
[0805/214425.191:ERROR:crash_report_database_win.cc(558)] GetFileAttributes C:\Users\Diego\AppData\Local\Google\Chrome\User Data\Crashpad\reports: Acceso denegado. (0x5)
[0805/220431.520:ERROR:crash_report_database_win.cc(558)] GetFileAttributes C:\Users\Diego\AppData\Local\Google\Chrome\User Data\Crashpad\reports: Acceso denegado. (0x5)
[0805/220431.521:ERROR:exit_code_watcher_win.cc(87)] Failed to wait for process exit or stop event
[0805/220431.530:ERROR:registration_protocol_win.cc(131)] TransactNamedPipe: Ha terminado la canalización. (0x6D)
[0805/220431.530:ERROR:crash_report_database_win.cc(558)] GetFileAttributes C:\Users\Diego\AppData\Local\Google\Chrome\User Data\Crashpad\reports: Acceso denegado. (0x5)
[0806/190348.455:ERROR:crash_report_database_win.cc(558)] GetFileAttributes C:\Users\Diego\AppData\Local\Google\Chrome\User Data\Crashpad\reports: Acceso denegado. (0x5)
[0806/190348.495:ERROR:registration_protocol_win.cc(131)] TransactNamedPipe: Ha terminado la canalización. (0x6D)
[0806/190348.495:ERROR:crash_report_database_win.cc(558)] GetFileAttributes C:\Users\Diego\AppData\Local\Google\Chrome\User Data\Crashpad\reports: Acceso denegado. (0x5)
<<<<<<< HEAD
[0806/203236.661:ERROR:crash_report_database_win.cc(558)] GetFileAttributes C:\Users\Diego\AppData\Local\Google\Chrome\User Data\Crashpad\reports: Acceso denegado. (0x5)
[0806/203236.664:ERROR:exit_code_watcher_win.cc(87)] Failed to wait for process exit or stop event
[0806/203236.684:ERROR:registration_protocol_win.cc(131)] TransactNamedPipe: Ha terminado la canalización. (0x6D)
[0806/203236.685:ERROR:crash_report_database_win.cc(558)] GetFileAttributes C:\Users\Diego\AppData\Local\Google\Chrome\User Data\Crashpad\reports: Acceso denegado. (0x5)
[0806/203308.783:ERROR:crash_report_database_win.cc(558)] GetFileAttributes C:\Users\Diego\AppData\Local\Google\Chrome\User Data\Crashpad\reports: Acceso denegado. (0x5)
[0806/203308.797:ERROR:exit_code_watcher_win.cc(87)] Failed to wait for process exit or stop event
[0806/203308.802:ERROR:registration_protocol_win.cc(131)] TransactNamedPipe: Ha terminado la canalización. (0x6D)
[0806/203308.802:ERROR:crash_report_database_win.cc(558)] GetFileAttributes C:\Users\Diego\AppData\Local\Google\Chrome\User Data\Crashpad\reports: Acceso denegado. (0x5)
=======
[0806/203559.867:ERROR:crash_report_database_win.cc(558)] GetFileAttributes C:\Users\Diego\AppData\Local\Google\Chrome\User Data\Crashpad\reports: Acceso denegado. (0x5)
[0806/203559.873:ERROR:exit_code_watcher_win.cc(87)] Failed to wait for process exit or stop event
[0806/203559.880:ERROR:registration_protocol_win.cc(131)] TransactNamedPipe: Ha terminado la canalización. (0x6D)
[0806/203559.881:ERROR:crash_report_database_win.cc(558)] GetFileAttributes C:\Users\Diego\AppData\Local\Google\Chrome\User Data\Crashpad\reports: Acceso denegado. (0x5)
>>>>>>> cabecera
[0806/204659.791:ERROR:crash_report_database_win.cc(558)] GetFileAttributes C:\Users\Diego\AppData\Local\Google\Chrome\User Data\Crashpad\reports: Acceso denegado. (0x5)
[0806/204659.797:ERROR:exit_code_watcher_win.cc(87)] Failed to wait for process exit or stop event
[0806/204659.811:ERROR:registration_protocol_win.cc(131)] TransactNamedPipe: Ha terminado la canalización. (0x6D)
[0806/204659.812:ERROR:crash_report_database_win.cc(558)] GetFileAttributes C:\Users\Diego\AppData\Local\Google\Chrome\User Data\Crashpad\reports: Acceso denegado. (0x5)
[0806/204831.382:ERROR:crash_report_database_win.cc(558)] GetFileAttributes C:\Users\Diego\AppData\Local\Google\Chrome\User Data\Crashpad\reports: Acceso denegado. (0x5)
[0806/204831.383:ERROR:exit_code_watcher_win.cc(87)] Failed to wait for process exit or stop event
[0806/204831.390:ERROR:registration_protocol_win.cc(131)] TransactNamedPipe: Ha terminado la canalización. (0x6D)
[0806/204831.390:ERROR:crash_report_database_win.cc(558)] GetFileAttributes C:\Users\Diego\AppData\Local\Google\Chrome\User Data\Crashpad\reports: Acceso denegado. (0x5)
[0806/205129.798:ERROR:crash_report_database_win.cc(558)] GetFileAttributes C:\Users\Diego\AppData\Local\Google\Chrome\User Data\Crashpad\reports: Acceso denegado. (0x5)
[0806/205129.804:ERROR:exit_code_watcher_win.cc(87)] Failed to wait for process exit or stop event
[0806/205129.812:ERROR:registration_protocol_win.cc(131)] TransactNamedPipe: Ha terminado la canalización. (0x6D)
[0806/205129.812:ERROR:crash_report_database_win.cc(558)] GetFileAttributes C:\Users\Diego\AppData\Local\Google\Chrome\User Data\Crashpad\reports: Acceso denegado. (0x5)
[0807/213828.555:ERROR:crash_report_database_win.cc(558)] GetFileAttributes C:\Users\Diego\AppData\Local\Google\Chrome\User Data\Crashpad\reports: Acceso denegado. (0x5)
[0807/213828.557:ERROR:exit_code_watcher_win.cc(87)] Failed to wait for process exit or stop event
[0807/213828.562:ERROR:registration_protocol_win.cc(131)] TransactNamedPipe: Ha terminado la canalización. (0x6D)
[0807/213828.563:ERROR:crash_report_database_win.cc(558)] GetFileAttributes C:\Users\Diego\AppData\Local\Google\Chrome\User Data\Crashpad\reports: Acceso denegado. (0x5)
